<?xml version="1.0" encoding="UTF-8"?>
<testsuite xmlns:xsi="http://www.w3.org/2001/XMLSchema-instance" xsi:noNamespaceSchemaLocation="https://maven.apache.org/surefire/maven-surefire-plugin/xsd/surefire-test-report.xsd" name="testesjunit.CalculadoraTest" time="0.069" tests="9" errors="0" skipped="0" failures="0">
  <properties>
[...]
</properties>
  <testcase name="testSomarPositivoNegativo" classname="testesjunit.CalculadoraTest" time="0.043"/>
  <testcase name="testmultiplicar" classname="testesjunit.CalculadoraTest" time="0"/>
  <testcase name="testSomar" classname="testesjunit.CalculadoraTest" time="0"/>
  <testcase name="testsubtrairPositivoNegativo" classname="testesjunit.CalculadoraTest" time="0"/>
  <testcase name="testdivisao" classname="testesjunit.CalculadoraTest" time="0"/>
  <testcase name="testSomarPositivos" classname="testesjunit.CalculadoraTest" time="0"/>
  <testcase name="testsubtrairPositivo" classname="testesjunit.CalculadoraTest" time="0.012"/>
  <testcase name="testSomarNegativos" classname="testesjunit.CalculadoraTest" time="0"/>
  <testcase name="testsubtrairNegativo" classname="testesjunit.CalculadoraTest" time="0.005"/>
</testsuite>